2024-12-01 00:03:15,151 - AdminPenKit - INFO - Starting AdminPenKit...
2024-12-01 00:04:20,432 - AdminPenKit - INFO - Starting AdminPenKit...
2024-12-01 00:04:20,538 - AdminPenKit - INFO - GUI initialized, starting main loop
2024-12-01 00:05:50,838 - AdminPenKit - INFO - Starting AdminPenKit...
2024-12-01 00:06:23,275 - AdminPenKit - INFO - Starting AdminPenKit...
2024-12-01 00:07:11,433 - AdminPenKit - INFO - Starting AdminPenKit...
2024-12-01 00:07:11,541 - AdminPenKit - INFO - GUI initialized, starting main loop
2024-12-01 00:16:11,745 - AdminPenKit - INFO - Starting AdminPenKit...
2024-12-01 00:17:32,135 - AdminPenKit - INFO - Starting AdminPenKit...
2024-12-01 00:17:32,279 - AdminPenKit - INFO - GUI initialized, starting main loop
2024-12-01 00:27:40,511 - AdminPenKit - INFO - Starting AdminPenKit...
2024-12-01 00:27:40,637 - AdminPenKit - INFO - GUI initialized, starting main loop
2024-12-01 00:28:35,812 - AdminPenKit - INFO - Starting AdminPenKit...
2024-12-01 00:28:35,930 - AdminPenKit - INFO - GUI initialized, starting main loop
2024-12-01 00:30:52,831 - AdminPenKit - INFO - Starting AdminPenKit...
2024-12-01 00:30:52,982 - AdminPenKit - INFO - GUI initialized, starting main loop
2024-12-01 00:35:42,727 - AdminPenKit - INFO - Starting AdminPenKit...
2024-12-01 00:35:42,844 - AdminPenKit - INFO - GUI initialized, starting main loop
2024-12-01 00:37:30,219 - AdminPenKit - INFO - Starting AdminPenKit...
2024-12-01 00:37:30,344 - AdminPenKit - INFO - GUI initialized, starting main loop
2024-12-01 00:45:23,620 - AdminPenKit - INFO - Starting AdminPenKit...
2024-12-01 00:45:23,739 - AdminPenKit - INFO - GUI initialized, starting main loop
2024-12-01 00:47:45,569 - root - INFO - Performance: main - Time: 141.95s, Memory: 11800.00KB
2024-12-01 00:48:02,943 - AdminPenKit - INFO - Starting AdminPenKit...
2024-12-01 00:48:03,113 - AdminPenKit - INFO - GUI initialized, starting main loop
2024-12-01 01:49:42,115 - AdminPenKit - INFO - Starting AdminPenKit...
2024-12-01 01:49:42,261 - AdminPenKit - INFO - GUI initialized, starting main loop
2024-12-01 01:52:27,221 - AdminPenKit - INFO - Starting AdminPenKit...
2024-12-01 01:52:27,337 - AdminPenKit - INFO - GUI initialized, starting main loop
2024-12-01 01:53:54,899 - AdminPenKit - INFO - Starting AdminPenKit...
2024-12-01 01:53:55,021 - AdminPenKit - INFO - GUI initialized, starting main loop
2024-12-01 01:55:51,988 - root - INFO - Performance: main - Time: 117.09s, Memory: 11688.00KB
2024-12-01 01:55:58,039 - AdminPenKit - INFO - Starting AdminPenKit...
2024-12-01 01:55:58,160 - AdminPenKit - INFO - GUI initialized, starting main loop
2024-12-01 01:56:55,099 - AdminPenKit - INFO - Starting AdminPenKit...
2024-12-01 01:56:55,216 - AdminPenKit - INFO - GUI initialized, starting main loop
2024-12-01 02:01:38,315 - root - INFO - Performance: main - Time: 283.22s, Memory: 11900.00KB
2024-12-01 02:01:46,547 - AdminPenKit - INFO - Starting AdminPenKit...
2024-12-01 02:01:46,672 - AdminPenKit - INFO - GUI initialized, starting main loop
2024-12-01 02:01:49,061 - root - INFO - Performance: main - Time: 2.51s, Memory: 11020.00KB
2024-12-01 02:08:32,356 - AdminPenKit - INFO - Starting AdminPenKit...
2024-12-01 02:08:32,476 - AdminPenKit - INFO - GUI initialized, starting main loop
2024-12-01 02:08:39,960 - root - INFO - Performance: main - Time: 7.60s, Memory: 11172.00KB
2024-12-01 02:08:54,187 - AdminPenKit - INFO - Starting AdminPenKit...
2024-12-01 02:08:54,306 - AdminPenKit - INFO - GUI initialized, starting main loop
2024-12-01 02:15:51,296 - AdminPenKit - INFO - Starting AdminPenKit...
2024-12-01 02:15:51,385 - root - ERROR - Error in main: 'SystemInfoFrame' object has no attribute 'create_treeview'
2024-12-01 02:16:03,517 - AdminPenKit - INFO - Starting AdminPenKit...
2024-12-01 02:16:03,605 - root - ERROR - Error in main: 'SystemInfoFrame' object has no attribute 'create_treeview'
2024-12-01 02:16:17,497 - AdminPenKit - INFO - Starting AdminPenKit...
2024-12-01 02:16:17,587 - root - ERROR - Error in main: 'SystemInfoFrame' object has no attribute 'create_treeview'
2024-12-01 02:18:46,417 - AdminPenKit - INFO - Starting AdminPenKit...
2024-12-01 02:18:46,507 - root - ERROR - Error in main: 'SystemInfoFrame' object has no attribute 'create_treeview'
2024-12-01 02:19:02,448 - AdminPenKit - INFO - Starting AdminPenKit...
2024-12-01 02:19:02,537 - root - ERROR - Error in main: 'SystemInfoFrame' object has no attribute 'create_treeview'
2024-12-01 02:19:21,679 - AdminPenKit - INFO - Starting AdminPenKit...
2024-12-01 02:19:21,773 - root - ERROR - Error in main: 'SystemInfoFrame' object has no attribute 'create_treeview'
2024-12-01 02:19:39,783 - AdminPenKit - INFO - Starting AdminPenKit...
2024-12-01 02:19:39,875 - root - ERROR - Error in main: 'SystemInfoFrame' object has no attribute 'create_treeview'
2024-12-01 02:21:06,105 - AdminPenKit - INFO - Starting AdminPenKit...
2024-12-01 02:21:07,231 - AdminPenKit - INFO - GUI initialized, starting main loop
2024-12-01 02:22:44,158 - root - INFO - Performance: main - Time: 98.05s, Memory: 11880.00KB
2024-12-01 02:28:32,104 - AdminPenKit - INFO - Starting AdminPenKit...
2024-12-01 02:28:33,229 - AdminPenKit - INFO - GUI initialized, starting main loop
2024-12-01 02:28:57,229 - root - INFO - Performance: main - Time: 25.13s, Memory: 11376.00KB
2024-12-01 02:31:23,086 - AdminPenKit - INFO - Starting AdminPenKit...
2024-12-01 02:31:23,206 - AdminPenKit - INFO - GUI initialized, starting main loop
2024-12-01 02:35:01,478 - AdminPenKit - INFO - Starting AdminPenKit...
2024-12-01 02:35:01,668 - AdminPenKit - INFO - GUI initialized, starting main loop
2024-12-01 02:38:14,204 - root - INFO - Performance: main - Time: 192.73s, Memory: 13600.00KB
2024-12-01 02:39:22,333 - AdminPenKit - INFO - Starting AdminPenKit...
2024-12-01 02:39:22,457 - AdminPenKit - INFO - GUI initialized, starting main loop
2024-12-01 02:39:56,009 - root - INFO - Performance: main - Time: 33.68s, Memory: 11292.00KB
2024-12-01 02:39:59,236 - AdminPenKit - INFO - Starting AdminPenKit...
2024-12-01 02:39:59,361 - AdminPenKit - INFO - GUI initialized, starting main loop
2024-12-01 02:41:43,914 - root - INFO - Performance: main - Time: 104.68s, Memory: 10940.00KB
2024-12-01 02:41:51,067 - AdminPenKit - INFO - Starting AdminPenKit...
2024-12-01 02:41:51,186 - AdminPenKit - INFO - GUI initialized, starting main loop
2024-12-01 02:43:37,832 - root - INFO - Performance: main - Time: 106.77s, Memory: 12744.00KB
2024-12-01 02:46:42,873 - AdminPenKit - INFO - Starting AdminPenKit...
2024-12-01 02:46:42,993 - AdminPenKit - INFO - GUI initialized, starting main loop
2024-12-01 02:49:04,637 - root - INFO - Performance: main - Time: 141.75s, Memory: 11396.00KB
2024-12-01 02:49:08,757 - AdminPenKit - INFO - Starting AdminPenKit...
2024-12-01 02:49:09,082 - AdminPenKit - INFO - GUI initialized, starting main loop
2024-12-01 02:51:18,050 - root - INFO - Performance: main - Time: 129.29s, Memory: 11196.00KB
2024-12-01 02:51:22,219 - AdminPenKit - INFO - Starting AdminPenKit...
2024-12-01 02:51:22,341 - AdminPenKit - INFO - GUI initialized, starting main loop
2024-12-01 02:54:36,223 - root - INFO - Performance: main - Time: 194.00s, Memory: 11492.00KB
2024-12-01 03:01:42,265 - AdminPenKit - INFO - Starting AdminPenKit...
2024-12-01 03:01:42,396 - root - ERROR - Error in main: 'NetworkInterfaceMonitor' object has no attribute 'get_network_interfaces'
2024-12-01 03:02:02,252 - AdminPenKit - INFO - Starting AdminPenKit...
2024-12-01 03:02:02,376 - root - ERROR - Error in main: 'NetworkInterfaceMonitor' object has no attribute 'get_network_interfaces'
2024-12-01 03:02:42,963 - AdminPenKit - INFO - Starting AdminPenKit...
2024-12-01 03:02:43,085 - root - ERROR - Error in main: 'NetworkMonitorFrame' object has no attribute 'on_interface_change'
2024-12-01 03:04:38,055 - AdminPenKit - INFO - Starting AdminPenKit...
2024-12-01 03:04:38,147 - root - ERROR - Error in main: 'SystemInfoFrame' object has no attribute 'create_widgets'
2024-12-01 03:07:07,448 - AdminPenKit - INFO - Starting AdminPenKit...
2024-12-01 03:07:07,537 - root - ERROR - Error in main: 'SystemInfoFrame' object has no attribute 'create_widgets'
2024-12-01 03:09:25,093 - AdminPenKit - INFO - Starting AdminPenKit...
2024-12-01 03:09:25,333 - AdminPenKit - INFO - GUI initialized, starting main loop
2024-12-01 03:11:41,561 - AdminPenKit - INFO - Starting AdminPenKit...
2024-12-01 03:11:41,684 - root - ERROR - Error in main: 'NetworkInterfaceMonitor' object has no attribute 'get_network_interfaces'
2024-12-01 03:13:09,080 - AdminPenKit - INFO - Starting AdminPenKit...
2024-12-01 03:13:09,299 - AdminPenKit - INFO - GUI initialized, starting main loop
2024-12-01 03:13:36,672 - root - INFO - Performance: main - Time: 27.59s, Memory: 14264.00KB
2024-12-01 03:13:53,173 - AdminPenKit - INFO - Starting AdminPenKit...
2024-12-01 03:13:53,390 - AdminPenKit - INFO - GUI initialized, starting main loop
2024-12-01 03:15:01,619 - root - INFO - Performance: main - Time: 68.45s, Memory: 14388.00KB
2024-12-01 03:15:05,952 - AdminPenKit - INFO - Starting AdminPenKit...
2024-12-01 03:15:06,186 - AdminPenKit - INFO - GUI initialized, starting main loop
2024-12-01 03:16:16,928 - AdminPenKit - INFO - Starting AdminPenKit...
2024-12-01 03:16:17,181 - AdminPenKit - INFO - GUI initialized, starting main loop
2024-12-01 03:17:21,003 - root - INFO - Performance: main - Time: 64.08s, Memory: 16404.00KB
2024-12-01 03:18:24,510 - AdminPenKit - INFO - Starting AdminPenKit...
2024-12-01 03:18:24,774 - AdminPenKit - INFO - GUI initialized, starting main loop
2024-12-01 03:19:56,763 - root - INFO - Performance: main - Time: 92.25s, Memory: 16512.00KB
2024-12-01 03:20:00,897 - AdminPenKit - INFO - Starting AdminPenKit...
2024-12-01 03:20:01,107 - AdminPenKit - INFO - GUI initialized, starting main loop
2024-12-01 03:20:33,200 - root - INFO - Performance: main - Time: 32.30s, Memory: 16260.00KB
2024-12-01 03:21:32,532 - AdminPenKit - INFO - Starting AdminPenKit...
2024-12-01 03:21:32,741 - AdminPenKit - INFO - GUI initialized, starting main loop
2024-12-01 03:22:11,942 - root - INFO - Performance: main - Time: 39.41s, Memory: 14468.00KB
2024-12-01 03:22:18,571 - AdminPenKit - INFO - Starting AdminPenKit...
2024-12-01 03:22:18,785 - AdminPenKit - INFO - GUI initialized, starting main loop
2024-12-01 03:25:28,215 - root - INFO - Performance: main - Time: 189.64s, Memory: 18344.00KB
2024-12-01 03:26:37,754 - AdminPenKit - INFO - Starting AdminPenKit...
2024-12-01 03:26:37,983 - AdminPenKit - INFO - GUI initialized, starting main loop
2024-12-01 03:27:47,038 - root - INFO - Performance: main - Time: 69.28s, Memory: 17972.00KB
2024-12-01 03:29:44,865 - AdminPenKit - INFO - Starting AdminPenKit...
2024-12-01 03:29:45,079 - AdminPenKit - INFO - GUI initialized, starting main loop
2024-12-01 03:32:59,398 - AdminPenKit - INFO - Starting AdminPenKit...
2024-12-01 03:32:59,605 - AdminPenKit - INFO - GUI initialized, starting main loop
2024-12-01 03:37:14,597 - root - INFO - Performance: main - Time: 255.20s, Memory: 19048.00KB
2024-12-01 03:37:19,029 - AdminPenKit - INFO - Starting AdminPenKit...
2024-12-01 03:37:19,249 - AdminPenKit - INFO - GUI initialized, starting main loop
2024-12-01 03:38:31,253 - AdminPenKit - INFO - Starting AdminPenKit...
2024-12-01 03:38:31,482 - AdminPenKit - INFO - GUI initialized, starting main loop
2024-12-01 03:39:58,331 - root - INFO - Performance: main - Time: 87.08s, Memory: 21532.00KB
2024-12-01 03:41:42,295 - AdminPenKit - INFO - Starting AdminPenKit...
2024-12-01 03:41:42,515 - AdminPenKit - INFO - GUI initialized, starting main loop
2024-12-01 03:43:24,091 - root - INFO - Performance: main - Time: 101.80s, Memory: 22572.00KB
2024-12-01 03:50:54,279 - AdminPenKit - INFO - Starting AdminPenKit...
2024-12-01 03:50:54,509 - AdminPenKit - INFO - GUI initialized, starting main loop
2024-12-01 03:59:20,469 - AdminPenKit - INFO - Starting AdminPenKit...
2024-12-01 03:59:20,677 - AdminPenKit - INFO - GUI initialized, starting main loop
